\BOOKMARK [1][-]{section.1}{Introduction}{}% 1
\BOOKMARK [2][-]{subsection.1.1}{Project Aims, Objectives and Introduction}{section.1}% 2
\BOOKMARK [2][-]{subsection.1.2}{Background}{section.1}% 3
\BOOKMARK [1][-]{section.2}{Main Result}{}% 4
\BOOKMARK [2][-]{subsection.2.1}{System Analysis and Planning}{section.2}% 5
\BOOKMARK [3][-]{subsubsection.2.1.1}{The Scoping Process}{subsection.2.1}% 6
\BOOKMARK [3][-]{subsubsection.2.1.2}{The Planning Process}{subsection.2.1}% 7
\BOOKMARK [2][-]{subsection.2.2}{System Design}{section.2}% 8
\BOOKMARK [3][-]{subsubsection.2.2.1}{Use Cases}{subsection.2.2}% 9
\BOOKMARK [3][-]{subsubsection.2.2.2}{Business Type Model}{subsection.2.2}% 10
\BOOKMARK [3][-]{subsubsection.2.2.3}{Component Identification}{subsection.2.2}% 11
\BOOKMARK [2][-]{subsection.2.3}{System Architecture}{section.2}% 12
\BOOKMARK [3][-]{subsubsection.2.3.1}{Architectural Model}{subsection.2.3}% 13
\BOOKMARK [3][-]{subsubsection.2.3.2}{Design Patterns}{subsection.2.3}% 14
\BOOKMARK [2][-]{subsection.2.4}{Implementation}{section.2}% 15
\BOOKMARK [3][-]{subsubsection.2.4.1}{Technologies and Tools}{subsection.2.4}% 16
\BOOKMARK [3][-]{subsubsection.2.4.2}{Database Templates}{subsection.2.4}% 17
\BOOKMARK [3][-]{subsubsection.2.4.3}{Server Template}{subsection.2.4}% 18
\BOOKMARK [3][-]{subsubsection.2.4.4}{iOS Mobile Application Template}{subsection.2.4}% 19
\BOOKMARK [3][-]{subsubsection.2.4.5}{Web Application Template}{subsection.2.4}% 20
\BOOKMARK [3][-]{subsubsection.2.4.6}{Generation Platform}{subsection.2.4}% 21
\BOOKMARK [3][-]{subsubsection.2.4.7}{User Interface Design}{subsection.2.4}% 22
\BOOKMARK [3][-]{subsubsection.2.4.8}{Results and Evaluation}{subsection.2.4}% 23
\BOOKMARK [1][-]{section.3}{Conclusion}{}% 24
\BOOKMARK [1][-]{section*.5}{References}{}% 25
